<?xml version="1.0" encoding="UTF-8"?>
<!-- Generated by org.testng.reporters.JUnitReportReporter -->
<testsuite hostname="Kajal" failures="0" tests="1" name="testCases.EmployeeCRUDTest" time="2.445" errors="0" timestamp="2025-10-24T19:58:21 IST" skipped="0">
  <testcase classname="testCases.EmployeeCRUDTest" name="testCreateGetUpdateDeleteEmployee" time="2.445"/>
</testsuite> <!-- testCases.EmployeeCRUDTest -->
